c:\users\athos\documents\visual studio 2013\projects\c++ excercises\badengine\badengine\debug\vc120.pdb
c:\users\athos\documents\visual studio 2013\projects\c++ excercises\badengine\badengine\debug\vc120.idb
c:\users\athos\documents\visual studio 2013\projects\c++ excercises\badengine\badengine\debug\camera2d.obj
c:\users\athos\documents\visual studio 2013\projects\c++ excercises\badengine\badengine\debug\color.obj
c:\users\athos\documents\visual studio 2013\projects\c++ excercises\badengine\badengine\debug\errorhandler.obj
c:\users\athos\documents\visual studio 2013\projects\c++ excercises\badengine\badengine\debug\game.obj
c:\users\athos\documents\visual studio 2013\projects\c++ excercises\badengine\badengine\debug\gametime.obj
c:\users\athos\documents\visual studio 2013\projects\c++ excercises\badengine\badengine\debug\glslprogram.obj
c:\users\athos\documents\visual studio 2013\projects\c++ excercises\badengine\badengine\debug\gltexture.obj
c:\users\athos\documents\visual studio 2013\projects\c++ excercises\badengine\badengine\debug\imageloader.obj
c:\users\athos\documents\visual studio 2013\projects\c++ excercises\badengine\badengine\debug\iomanager.obj
c:\users\athos\documents\visual studio 2013\projects\c++ excercises\badengine\badengine\debug\keyboard.obj
c:\users\athos\documents\visual studio 2013\projects\c++ excercises\badengine\badengine\debug\mathhelper.obj
c:\users\athos\documents\visual studio 2013\projects\c++ excercises\badengine\badengine\debug\mouse.obj
c:\users\athos\documents\visual studio 2013\projects\c++ excercises\badengine\badengine\debug\picopng.obj
c:\users\athos\documents\visual studio 2013\projects\c++ excercises\badengine\badengine\debug\position.obj
c:\users\athos\documents\visual studio 2013\projects\c++ excercises\badengine\badengine\debug\resourcemanager.obj
c:\users\athos\documents\visual studio 2013\projects\c++ excercises\badengine\badengine\debug\texturecache.obj
c:\users\athos\documents\visual studio 2013\projects\c++ excercises\badengine\badengine\debug\window.obj
c:\users\athos\documents\visual studio 2013\projects\c++ excercises\badengine\badengine\debug\badengine.tlog\cl.command.1.tlog
c:\users\athos\documents\visual studio 2013\projects\c++ excercises\badengine\badengine\debug\badengine.tlog\cl.read.1.tlog
c:\users\athos\documents\visual studio 2013\projects\c++ excercises\badengine\badengine\debug\badengine.tlog\cl.write.1.tlog
